2025-06-30 18:33:30 - EmailMonitor - INFO - ==================================================
2025-06-30 18:33:30 - EmailMonitor - INFO - Email Monitoring Agent Logger Initialized
2025-06-30 18:33:30 - EmailMonitor - INFO - Start Time: 2025-06-30 18:33:30
2025-06-30 18:33:30 - EmailMonitor - INFO - Log Level: INFO
2025-06-30 18:33:30 - EmailMonitor - INFO - Log File: email_monitor.log
2025-06-30 18:33:30 - EmailMonitor - INFO - ==================================================
2025-06-30 18:33:30 - EmailMonitor - ERROR - Twilio credentials not found in environment variables
2025-06-30 18:33:30 - EmailMonitor - INFO - Email Monitoring Agent started
2025-06-30 18:33:30 - EmailMonitor - INFO - Monitoring: robot@quantumescapesdanville.com
2025-06-30 18:33:30 - EmailMonitor - INFO - Target sender: noreply@bookeo.com
2025-06-30 18:33:30 - EmailMonitor - INFO - SMS alerts to: 619-917-2605
2025-06-30 18:33:30 - EmailMonitor - INFO - Check interval: 120 seconds
2025-06-30 18:33:30 - EmailMonitor - ERROR - Configuration validation failed. Exiting...
2025-06-30 18:49:43 - EmailMonitor - INFO - ==================================================
2025-06-30 18:49:43 - EmailMonitor - INFO - Email Monitoring Agent Logger Initialized
2025-06-30 18:49:43 - EmailMonitor - INFO - Start Time: 2025-06-30 18:49:43
2025-06-30 18:49:43 - EmailMonitor - INFO - Log Level: INFO
2025-06-30 18:49:43 - EmailMonitor - INFO - Log File: email_monitor.log
2025-06-30 18:49:43 - EmailMonitor - INFO - ==================================================
2025-06-30 18:49:43 - EmailMonitor - INFO - Twilio client initialized successfully
2025-06-30 18:49:43 - EmailMonitor - INFO - Email Monitoring Agent started
2025-06-30 18:49:43 - EmailMonitor - INFO - Monitoring: robot@quantumescapesdanville.com
2025-06-30 18:49:43 - EmailMonitor - INFO - Target sender: noreply@bookeo.com
2025-06-30 18:49:43 - EmailMonitor - INFO - SMS alerts to: 619-917-2605
2025-06-30 18:49:43 - EmailMonitor - INFO - Check interval: 120 seconds
2025-06-30 18:49:43 - EmailMonitor - INFO - Testing email connection...
2025-06-30 18:49:43 - EmailMonitor - INFO - Connecting to IMAP server: imap.quantumescapesdanville.com:993
2025-06-30 18:51:55 - EmailMonitor - ERROR - Error connecting to mailbox: [Errno 110] Connection timed out
2025-06-30 18:51:55 - EmailMonitor - ERROR - Email connection test failed. Exiting...
2025-06-30 18:54:07 - EmailMonitor - INFO - ==================================================
2025-06-30 18:54:07 - EmailMonitor - INFO - Email Monitoring Agent Logger Initialized
2025-06-30 18:54:07 - EmailMonitor - INFO - Start Time: 2025-06-30 18:54:07
2025-06-30 18:54:07 - EmailMonitor - INFO - Log Level: INFO
2025-06-30 18:54:07 - EmailMonitor - INFO - Log File: email_monitor.log
2025-06-30 18:54:07 - EmailMonitor - INFO - ==================================================
2025-06-30 18:54:07 - EmailMonitor - INFO - Twilio client initialized successfully
2025-06-30 18:54:07 - EmailMonitor - INFO - Email Monitoring Agent started
2025-06-30 18:54:07 - EmailMonitor - INFO - Monitoring: robot@quantumescapesdanville.com
2025-06-30 18:54:07 - EmailMonitor - INFO - Target sender: noreply@bookeo.com
2025-06-30 18:54:07 - EmailMonitor - INFO - SMS alerts to: 619-917-2605
2025-06-30 18:54:07 - EmailMonitor - INFO - Check interval: 120 seconds
2025-06-30 18:54:07 - EmailMonitor - INFO - Testing email connection...
2025-06-30 18:54:07 - EmailMonitor - INFO - Attempting connection to IMAP server: imap.gmail.com:993
2025-06-30 18:54:07 - EmailMonitor - INFO - Attempting connection to IMAP server: outlook.office365.com:993
2025-06-30 18:54:08 - EmailMonitor - INFO - Attempting connection to IMAP server: imap.mail.yahoo.com:993
2025-06-30 18:54:13 - EmailMonitor - INFO - Attempting connection to IMAP server: imap.quantumescapesdanville.com:993
2025-06-30 18:54:23 - EmailMonitor - INFO - Attempting connection to IMAP server: mail.quantumescapesdanville.com:993
2025-06-30 18:54:43 - EmailMonitor - INFO - Attempting connection to IMAP server: quantumescapesdanville.com:993
2025-06-30 18:54:53 - EmailMonitor - INFO - Attempting connection to IMAP server: imap.hostgator.com:993
2025-06-30 18:54:53 - EmailMonitor - INFO - Attempting connection to IMAP server: imap.godaddy.com:993
2025-06-30 18:54:53 - EmailMonitor - INFO - Attempting connection to IMAP server: mail.privateemail.com:993
2025-06-30 18:54:55 - EmailMonitor - INFO - Attempting connection to IMAP server: imap.quantumescapesdanville.com:143
2025-06-30 18:55:05 - EmailMonitor - INFO - Attempting connection to IMAP server: mail.quantumescapesdanville.com:143
2025-06-30 18:55:25 - EmailMonitor - ERROR - Failed to connect to any IMAP server for domain quantumescapesdanville.com
2025-06-30 18:55:25 - EmailMonitor - ERROR - Please check:
2025-06-30 18:55:25 - EmailMonitor - ERROR - 1. Email credentials are correct
2025-06-30 18:55:25 - EmailMonitor - ERROR - 2. IMAP is enabled for this email account
2025-06-30 18:55:25 - EmailMonitor - ERROR - 3. Network connectivity and firewall settings
2025-06-30 18:55:25 - EmailMonitor - ERROR - Email connection test failed. Exiting...
2025-06-30 18:55:33 - EmailMonitor - INFO - ==================================================
2025-06-30 18:55:33 - EmailMonitor - INFO - Email Monitoring Agent Logger Initialized
2025-06-30 18:55:33 - EmailMonitor - INFO - Start Time: 2025-06-30 18:55:33
2025-06-30 18:55:33 - EmailMonitor - INFO - Log Level: INFO
2025-06-30 18:55:33 - EmailMonitor - INFO - Log File: email_monitor.log
2025-06-30 18:55:33 - EmailMonitor - INFO - ==================================================
2025-06-30 18:55:33 - EmailMonitor - INFO - Twilio client initialized successfully
2025-06-30 18:55:33 - EmailMonitor - INFO - Email Monitoring Agent started
2025-06-30 18:55:33 - EmailMonitor - INFO - Monitoring: robot@quantumescapesdanville.com
2025-06-30 18:55:33 - EmailMonitor - INFO - Target sender: noreply@bookeo.com
2025-06-30 18:55:33 - EmailMonitor - INFO - SMS alerts to: 619-917-2605
2025-06-30 18:55:33 - EmailMonitor - INFO - Check interval: 120 seconds
2025-06-30 18:55:33 - EmailMonitor - INFO - Testing email connection...
2025-06-30 18:55:33 - EmailMonitor - INFO - Attempting connection to IMAP server: imap.gmail.com:993
2025-06-30 18:55:33 - EmailMonitor - INFO - Attempting connection to IMAP server: outlook.office365.com:993
2025-06-30 18:55:35 - EmailMonitor - INFO - Attempting connection to IMAP server: imap.mail.yahoo.com:993
2025-06-30 18:55:39 - EmailMonitor - INFO - Attempting connection to IMAP server: imap.quantumescapesdanville.com:993
2025-06-30 18:55:49 - EmailMonitor - INFO - Attempting connection to IMAP server: mail.quantumescapesdanville.com:993
2025-06-30 18:56:09 - EmailMonitor - INFO - Attempting connection to IMAP server: quantumescapesdanville.com:993
2025-06-30 18:56:19 - EmailMonitor - INFO - Attempting connection to IMAP server: imap.hostgator.com:993
2025-06-30 18:56:19 - EmailMonitor - INFO - Attempting connection to IMAP server: imap.godaddy.com:993
2025-06-30 18:56:19 - EmailMonitor - INFO - Attempting connection to IMAP server: mail.privateemail.com:993
2025-06-30 18:56:22 - EmailMonitor - INFO - Attempting connection to IMAP server: imap.quantumescapesdanville.com:143
2025-06-30 18:56:32 - EmailMonitor - INFO - Attempting connection to IMAP server: mail.quantumescapesdanville.com:143
2025-06-30 18:56:52 - EmailMonitor - ERROR - Failed to connect to any IMAP server for domain quantumescapesdanville.com
2025-06-30 18:56:52 - EmailMonitor - ERROR - Please check:
2025-06-30 18:56:52 - EmailMonitor - ERROR - 1. Email credentials are correct
2025-06-30 18:56:52 - EmailMonitor - ERROR - 2. IMAP is enabled for this email account
2025-06-30 18:56:52 - EmailMonitor - ERROR - 3. Network connectivity and firewall settings
2025-06-30 18:56:52 - EmailMonitor - ERROR - Email connection test failed.
2025-06-30 18:56:52 - EmailMonitor - ERROR - The agent will continue running and retry connections periodically.
2025-06-30 18:56:52 - EmailMonitor - ERROR - Check setup_instructions.md for troubleshooting steps.
2025-06-30 18:56:52 - EmailMonitor - INFO - Testing Twilio connection...
2025-06-30 18:56:53 - EmailMonitor - INFO - Twilio connection successful. Account: QERobot
2025-06-30 18:56:53 - EmailMonitor - INFO - All connection tests passed. Starting monitoring...
2025-06-30 18:56:53 - EmailMonitor - INFO - Starting email monitoring cycle...
2025-06-30 18:56:53 - EmailMonitor - INFO - Attempting connection to IMAP server: imap.gmail.com:993
2025-06-30 18:56:53 - EmailMonitor - INFO - Attempting connection to IMAP server: outlook.office365.com:993
2025-06-30 18:56:54 - EmailMonitor - INFO - Attempting connection to IMAP server: imap.mail.yahoo.com:993
2025-06-30 18:56:58 - EmailMonitor - INFO - Attempting connection to IMAP server: imap.quantumescapesdanville.com:993
2025-06-30 18:57:08 - EmailMonitor - INFO - Attempting connection to IMAP server: mail.quantumescapesdanville.com:993
2025-06-30 18:59:14 - EmailMonitor - INFO - ==================================================
2025-06-30 18:59:14 - EmailMonitor - INFO - Email Monitoring Agent Logger Initialized
2025-06-30 18:59:14 - EmailMonitor - INFO - Start Time: 2025-06-30 18:59:14
2025-06-30 18:59:14 - EmailMonitor - INFO - Log Level: INFO
2025-06-30 18:59:14 - EmailMonitor - INFO - Log File: email_monitor.log
2025-06-30 18:59:14 - EmailMonitor - INFO - ==================================================
2025-06-30 18:59:14 - EmailMonitor - INFO - Twilio client initialized successfully
2025-06-30 18:59:14 - EmailMonitor - INFO - Email Monitoring Agent started
2025-06-30 18:59:14 - EmailMonitor - INFO - Monitoring: robot@quantumescapesdanville.com
2025-06-30 18:59:14 - EmailMonitor - INFO - Target sender: noreply@bookeo.com
2025-06-30 18:59:14 - EmailMonitor - INFO - SMS alerts to: 619-917-2605
2025-06-30 18:59:14 - EmailMonitor - INFO - Check interval: 120 seconds
2025-06-30 18:59:14 - EmailMonitor - INFO - Testing email connection...
2025-06-30 18:59:14 - EmailMonitor - INFO - Attempting connection to IMAP server: imap.gmail.com:993
2025-06-30 18:59:15 - EmailMonitor - INFO - Attempting connection to IMAP server: outlook.office365.com:993
2025-06-30 18:59:16 - EmailMonitor - INFO - Attempting connection to IMAP server: imap.mail.yahoo.com:993
2025-06-30 18:59:21 - EmailMonitor - INFO - Attempting connection to IMAP server: imap.quantumescapesdanville.com:993
2025-06-30 18:59:31 - EmailMonitor - INFO - Attempting connection to IMAP server: mail.quantumescapesdanville.com:993
2025-06-30 18:59:51 - EmailMonitor - INFO - Attempting connection to IMAP server: quantumescapesdanville.com:993
2025-06-30 19:00:01 - EmailMonitor - INFO - Attempting connection to IMAP server: imap.hostgator.com:993
2025-06-30 19:00:01 - EmailMonitor - INFO - Attempting connection to IMAP server: imap.godaddy.com:993
2025-06-30 19:00:01 - EmailMonitor - INFO - Attempting connection to IMAP server: mail.privateemail.com:993
2025-06-30 19:00:03 - EmailMonitor - INFO - Attempting connection to IMAP server: imap.quantumescapesdanville.com:143
2025-06-30 19:00:13 - EmailMonitor - INFO - Attempting connection to IMAP server: mail.quantumescapesdanville.com:143
2025-06-30 19:00:33 - EmailMonitor - ERROR - Failed to connect to any IMAP server for domain quantumescapesdanville.com
2025-06-30 19:00:33 - EmailMonitor - ERROR - Please check:
2025-06-30 19:00:33 - EmailMonitor - ERROR - 1. Email credentials are correct
2025-06-30 19:00:33 - EmailMonitor - ERROR - 2. IMAP is enabled for this email account
2025-06-30 19:00:33 - EmailMonitor - ERROR - 3. Network connectivity and firewall settings
2025-06-30 19:00:33 - EmailMonitor - ERROR - Email connection test failed.
2025-06-30 19:00:33 - EmailMonitor - ERROR - The agent will continue running and retry connections periodically.
2025-06-30 19:00:33 - EmailMonitor - ERROR - Check setup_instructions.md for troubleshooting steps.
2025-06-30 19:00:33 - EmailMonitor - INFO - Testing Twilio connection...
2025-06-30 19:00:33 - EmailMonitor - INFO - Twilio connection successful. Account: QERobot
2025-06-30 19:00:33 - EmailMonitor - INFO - All connection tests passed. Starting monitoring...
2025-06-30 19:00:33 - EmailMonitor - INFO - Starting email monitoring cycle...
2025-06-30 19:00:33 - EmailMonitor - INFO - Attempting connection to IMAP server: imap.gmail.com:993
2025-06-30 19:00:33 - EmailMonitor - INFO - Attempting connection to IMAP server: outlook.office365.com:993
2025-06-30 19:00:36 - EmailMonitor - INFO - Attempting connection to IMAP server: imap.mail.yahoo.com:993
2025-06-30 19:00:40 - EmailMonitor - INFO - Attempting connection to IMAP server: imap.quantumescapesdanville.com:993
2025-06-30 19:00:50 - EmailMonitor - INFO - Attempting connection to IMAP server: mail.quantumescapesdanville.com:993
2025-06-30 19:01:10 - EmailMonitor - INFO - Attempting connection to IMAP server: quantumescapesdanville.com:993
2025-06-30 19:01:21 - EmailMonitor - INFO - Attempting connection to IMAP server: imap.hostgator.com:993
2025-06-30 19:01:21 - EmailMonitor - INFO - Attempting connection to IMAP server: imap.godaddy.com:993
2025-06-30 19:01:21 - EmailMonitor - INFO - Attempting connection to IMAP server: mail.privateemail.com:993
2025-06-30 19:01:23 - EmailMonitor - INFO - Attempting connection to IMAP server: imap.quantumescapesdanville.com:143
2025-06-30 19:01:33 - EmailMonitor - INFO - Attempting connection to IMAP server: mail.quantumescapesdanville.com:143
2025-06-30 19:01:53 - EmailMonitor - ERROR - Failed to connect to any IMAP server for domain quantumescapesdanville.com
2025-06-30 19:01:53 - EmailMonitor - ERROR - Please check:
2025-06-30 19:01:53 - EmailMonitor - ERROR - 1. Email credentials are correct
2025-06-30 19:01:53 - EmailMonitor - ERROR - 2. IMAP is enabled for this email account
2025-06-30 19:01:53 - EmailMonitor - ERROR - 3. Network connectivity and firewall settings
2025-06-30 19:01:53 - EmailMonitor - INFO - No new Bookeo emails found
2025-06-30 19:02:33 - EmailMonitor - INFO - Starting email monitoring cycle...
2025-06-30 19:02:33 - EmailMonitor - INFO - Attempting connection to IMAP server: imap.gmail.com:993
2025-06-30 19:02:33 - EmailMonitor - INFO - Attempting connection to IMAP server: outlook.office365.com:993
2025-06-30 19:02:35 - EmailMonitor - INFO - Attempting connection to IMAP server: imap.mail.yahoo.com:993
2025-06-30 19:02:39 - EmailMonitor - INFO - Attempting connection to IMAP server: imap.quantumescapesdanville.com:993
2025-06-30 19:02:49 - EmailMonitor - INFO - Attempting connection to IMAP server: mail.quantumescapesdanville.com:993
2025-06-30 19:03:10 - EmailMonitor - INFO - Attempting connection to IMAP server: quantumescapesdanville.com:993
2025-06-30 19:03:20 - EmailMonitor - INFO - Attempting connection to IMAP server: imap.hostgator.com:993
2025-06-30 19:03:20 - EmailMonitor - INFO - Attempting connection to IMAP server: imap.godaddy.com:993
2025-06-30 19:03:20 - EmailMonitor - INFO - Attempting connection to IMAP server: mail.privateemail.com:993
2025-06-30 19:03:22 - EmailMonitor - INFO - Attempting connection to IMAP server: imap.quantumescapesdanville.com:143
2025-06-30 19:03:32 - EmailMonitor - INFO - Attempting connection to IMAP server: mail.quantumescapesdanville.com:143
2025-06-30 19:03:52 - EmailMonitor - ERROR - Failed to connect to any IMAP server for domain quantumescapesdanville.com
2025-06-30 19:03:52 - EmailMonitor - ERROR - Please check:
2025-06-30 19:03:52 - EmailMonitor - ERROR - 1. Email credentials are correct
2025-06-30 19:03:52 - EmailMonitor - ERROR - 2. IMAP is enabled for this email account
2025-06-30 19:03:52 - EmailMonitor - ERROR - 3. Network connectivity and firewall settings
2025-06-30 19:03:52 - EmailMonitor - INFO - No new Bookeo emails found
2025-06-30 19:04:33 - EmailMonitor - INFO - Starting email monitoring cycle...
2025-06-30 19:04:33 - EmailMonitor - INFO - Attempting connection to IMAP server: imap.gmail.com:993
2025-06-30 19:04:33 - EmailMonitor - INFO - Attempting connection to IMAP server: outlook.office365.com:993
2025-06-30 19:04:35 - EmailMonitor - INFO - Attempting connection to IMAP server: imap.mail.yahoo.com:993
2025-06-30 19:04:40 - EmailMonitor - INFO - Attempting connection to IMAP server: imap.quantumescapesdanville.com:993
2025-06-30 19:04:50 - EmailMonitor - INFO - Attempting connection to IMAP server: mail.quantumescapesdanville.com:993
2025-06-30 19:05:10 - EmailMonitor - INFO - Attempting connection to IMAP server: quantumescapesdanville.com:993
2025-06-30 19:05:20 - EmailMonitor - INFO - Attempting connection to IMAP server: imap.hostgator.com:993
2025-06-30 19:05:20 - EmailMonitor - INFO - Attempting connection to IMAP server: imap.godaddy.com:993
2025-06-30 19:05:20 - EmailMonitor - INFO - Attempting connection to IMAP server: mail.privateemail.com:993
2025-06-30 19:05:22 - EmailMonitor - INFO - Attempting connection to IMAP server: imap.quantumescapesdanville.com:143
2025-06-30 19:05:32 - EmailMonitor - INFO - Attempting connection to IMAP server: mail.quantumescapesdanville.com:143
2025-06-30 19:05:52 - EmailMonitor - ERROR - Failed to connect to any IMAP server for domain quantumescapesdanville.com
2025-06-30 19:05:52 - EmailMonitor - ERROR - Please check:
2025-06-30 19:05:52 - EmailMonitor - ERROR - 1. Email credentials are correct
2025-06-30 19:05:52 - EmailMonitor - ERROR - 2. IMAP is enabled for this email account
2025-06-30 19:05:52 - EmailMonitor - ERROR - 3. Network connectivity and firewall settings
2025-06-30 19:05:52 - EmailMonitor - INFO - No new Bookeo emails found
2025-06-30 19:06:33 - EmailMonitor - INFO - Starting email monitoring cycle...
2025-06-30 19:06:33 - EmailMonitor - INFO - Attempting connection to IMAP server: imap.gmail.com:993
2025-06-30 19:06:33 - EmailMonitor - INFO - Attempting connection to IMAP server: outlook.office365.com:993
2025-06-30 19:06:35 - EmailMonitor - INFO - Attempting connection to IMAP server: imap.mail.yahoo.com:993
2025-06-30 19:06:39 - EmailMonitor - INFO - Attempting connection to IMAP server: imap.quantumescapesdanville.com:993
2025-06-30 19:06:49 - EmailMonitor - INFO - Attempting connection to IMAP server: mail.quantumescapesdanville.com:993
2025-06-30 19:07:09 - EmailMonitor - INFO - Attempting connection to IMAP server: quantumescapesdanville.com:993
2025-06-30 19:07:19 - EmailMonitor - INFO - Attempting connection to IMAP server: imap.hostgator.com:993
2025-06-30 19:07:19 - EmailMonitor - INFO - Attempting connection to IMAP server: imap.godaddy.com:993
2025-06-30 19:07:19 - EmailMonitor - INFO - Attempting connection to IMAP server: mail.privateemail.com:993
2025-06-30 19:07:21 - EmailMonitor - INFO - Attempting connection to IMAP server: imap.quantumescapesdanville.com:143
2025-06-30 19:07:31 - EmailMonitor - INFO - Attempting connection to IMAP server: mail.quantumescapesdanville.com:143
2025-06-30 19:07:51 - EmailMonitor - ERROR - Failed to connect to any IMAP server for domain quantumescapesdanville.com
2025-06-30 19:07:51 - EmailMonitor - ERROR - Please check:
2025-06-30 19:07:51 - EmailMonitor - ERROR - 1. Email credentials are correct
2025-06-30 19:07:51 - EmailMonitor - ERROR - 2. IMAP is enabled for this email account
2025-06-30 19:07:51 - EmailMonitor - ERROR - 3. Network connectivity and firewall settings
2025-06-30 19:07:51 - EmailMonitor - INFO - No new Bookeo emails found
2025-06-30 19:08:33 - EmailMonitor - INFO - Starting email monitoring cycle...
2025-06-30 19:08:33 - EmailMonitor - INFO - Attempting connection to IMAP server: imap.gmail.com:993
2025-06-30 19:08:33 - EmailMonitor - INFO - Attempting connection to IMAP server: outlook.office365.com:993
2025-06-30 19:08:35 - EmailMonitor - INFO - Attempting connection to IMAP server: imap.mail.yahoo.com:993
2025-06-30 19:08:39 - EmailMonitor - INFO - Attempting connection to IMAP server: imap.quantumescapesdanville.com:993
2025-06-30 19:08:49 - EmailMonitor - INFO - Attempting connection to IMAP server: mail.quantumescapesdanville.com:993
2025-06-30 19:09:10 - EmailMonitor - INFO - Attempting connection to IMAP server: quantumescapesdanville.com:993
2025-06-30 19:09:20 - EmailMonitor - INFO - Attempting connection to IMAP server: imap.hostgator.com:993
2025-06-30 19:09:20 - EmailMonitor - INFO - Attempting connection to IMAP server: imap.godaddy.com:993
2025-06-30 19:09:20 - EmailMonitor - INFO - Attempting connection to IMAP server: mail.privateemail.com:993
2025-06-30 19:09:22 - EmailMonitor - INFO - Attempting connection to IMAP server: imap.quantumescapesdanville.com:143
2025-06-30 19:09:32 - EmailMonitor - INFO - Attempting connection to IMAP server: mail.quantumescapesdanville.com:143
2025-06-30 19:09:52 - EmailMonitor - ERROR - Failed to connect to any IMAP server for domain quantumescapesdanville.com
2025-06-30 19:09:52 - EmailMonitor - ERROR - Please check:
2025-06-30 19:09:52 - EmailMonitor - ERROR - 1. Email credentials are correct
2025-06-30 19:09:52 - EmailMonitor - ERROR - 2. IMAP is enabled for this email account
2025-06-30 19:09:52 - EmailMonitor - ERROR - 3. Network connectivity and firewall settings
2025-06-30 19:09:52 - EmailMonitor - INFO - No new Bookeo emails found
2025-06-30 19:10:33 - EmailMonitor - INFO - Starting email monitoring cycle...
2025-06-30 19:10:33 - EmailMonitor - INFO - Attempting connection to IMAP server: imap.gmail.com:993
2025-06-30 19:10:33 - EmailMonitor - INFO - Attempting connection to IMAP server: outlook.office365.com:993
2025-06-30 19:10:35 - EmailMonitor - INFO - Attempting connection to IMAP server: imap.mail.yahoo.com:993
2025-06-30 19:10:39 - EmailMonitor - INFO - Attempting connection to IMAP server: imap.quantumescapesdanville.com:993
2025-06-30 19:10:49 - EmailMonitor - INFO - Attempting connection to IMAP server: mail.quantumescapesdanville.com:993
2025-06-30 19:11:09 - EmailMonitor - INFO - Attempting connection to IMAP server: quantumescapesdanville.com:993
2025-06-30 19:11:19 - EmailMonitor - INFO - Attempting connection to IMAP server: imap.hostgator.com:993
2025-06-30 19:11:19 - EmailMonitor - INFO - Attempting connection to IMAP server: imap.godaddy.com:993
2025-06-30 19:11:19 - EmailMonitor - INFO - Attempting connection to IMAP server: mail.privateemail.com:993
2025-06-30 19:11:22 - EmailMonitor - INFO - Attempting connection to IMAP server: imap.quantumescapesdanville.com:143
2025-06-30 19:11:32 - EmailMonitor - INFO - Attempting connection to IMAP server: mail.quantumescapesdanville.com:143
2025-06-30 19:11:41 - EmailMonitor - INFO - Received signal 15, shutting down gracefully...
2025-06-30 19:11:45 - EmailMonitor - INFO - ==================================================
2025-06-30 19:11:45 - EmailMonitor - INFO - Email Monitoring Agent Logger Initialized
2025-06-30 19:11:45 - EmailMonitor - INFO - Start Time: 2025-06-30 19:11:45
2025-06-30 19:11:45 - EmailMonitor - INFO - Log Level: INFO
2025-06-30 19:11:45 - EmailMonitor - INFO - Log File: email_monitor.log
2025-06-30 19:11:45 - EmailMonitor - INFO - ==================================================
2025-06-30 19:11:45 - EmailMonitor - INFO - Twilio client initialized successfully
2025-06-30 19:11:45 - EmailMonitor - INFO - Email Monitoring Agent started
2025-06-30 19:11:45 - EmailMonitor - INFO - Monitoring: robot@quantumescapesdanville.com
2025-06-30 19:11:45 - EmailMonitor - INFO - Target sender: noreply@bookeo.com
2025-06-30 19:11:45 - EmailMonitor - INFO - SMS alerts to: 619-917-2605
2025-06-30 19:11:45 - EmailMonitor - INFO - Check interval: 120 seconds
2025-06-30 19:11:45 - EmailMonitor - INFO - Testing email connection...
2025-06-30 19:11:45 - EmailMonitor - INFO - Attempting connection to IMAP server: imap.mail.yahoo.com:993
2025-06-30 19:11:45 - EmailMonitor - INFO - Successfully connected to mailbox via imap.mail.yahoo.com:993
2025-06-30 19:11:45 - EmailMonitor - ERROR - Error disconnecting from mailbox: command CLOSE illegal in state AUTH, only allowed in states SELECTED
2025-06-30 19:11:45 - EmailMonitor - INFO - Testing Twilio connection...
2025-06-30 19:11:46 - EmailMonitor - INFO - Twilio connection successful. Account: QERobot
2025-06-30 19:11:46 - EmailMonitor - INFO - All connection tests passed. Starting monitoring...
2025-06-30 19:11:46 - EmailMonitor - INFO - Starting email monitoring cycle...
2025-06-30 19:11:46 - EmailMonitor - INFO - Attempting connection to IMAP server: imap.mail.yahoo.com:993
2025-06-30 19:11:46 - EmailMonitor - INFO - Successfully connected to mailbox via imap.mail.yahoo.com:993
2025-06-30 19:11:48 - EmailMonitor - INFO - No new Bookeo emails found
2025-06-30 19:13:46 - EmailMonitor - INFO - Starting email monitoring cycle...
2025-06-30 19:13:46 - EmailMonitor - INFO - Attempting connection to IMAP server: imap.mail.yahoo.com:993
2025-06-30 19:13:47 - EmailMonitor - INFO - Successfully connected to mailbox via imap.mail.yahoo.com:993
2025-06-30 19:13:48 - EmailMonitor - INFO - No new Bookeo emails found
2025-06-30 19:15:46 - EmailMonitor - INFO - Starting email monitoring cycle...
2025-06-30 19:15:46 - EmailMonitor - INFO - Attempting connection to IMAP server: imap.mail.yahoo.com:993
2025-06-30 19:15:47 - EmailMonitor - INFO - Successfully connected to mailbox via imap.mail.yahoo.com:993
2025-06-30 19:15:48 - EmailMonitor - INFO - No new Bookeo emails found
2025-06-30 19:17:46 - EmailMonitor - INFO - Starting email monitoring cycle...
2025-06-30 19:17:46 - EmailMonitor - INFO - Attempting connection to IMAP server: imap.mail.yahoo.com:993
2025-06-30 19:17:47 - EmailMonitor - INFO - Successfully connected to mailbox via imap.mail.yahoo.com:993
2025-06-30 19:17:48 - EmailMonitor - INFO - No new Bookeo emails found
2025-06-30 19:19:46 - EmailMonitor - INFO - Starting email monitoring cycle...
2025-06-30 19:19:46 - EmailMonitor - INFO - Attempting connection to IMAP server: imap.mail.yahoo.com:993
2025-06-30 19:19:47 - EmailMonitor - INFO - Successfully connected to mailbox via imap.mail.yahoo.com:993
2025-06-30 19:19:49 - EmailMonitor - INFO - No new Bookeo emails found
2025-06-30 19:21:46 - EmailMonitor - INFO - Starting email monitoring cycle...
2025-06-30 19:21:46 - EmailMonitor - INFO - Attempting connection to IMAP server: imap.mail.yahoo.com:993
2025-06-30 19:21:46 - EmailMonitor - INFO - Successfully connected to mailbox via imap.mail.yahoo.com:993
2025-06-30 19:21:47 - EmailMonitor - INFO - No new Bookeo emails found
2025-06-30 19:23:46 - EmailMonitor - INFO - Starting email monitoring cycle...
2025-06-30 19:23:46 - EmailMonitor - INFO - Attempting connection to IMAP server: imap.mail.yahoo.com:993
2025-06-30 19:23:46 - EmailMonitor - INFO - Successfully connected to mailbox via imap.mail.yahoo.com:993
2025-06-30 19:23:48 - EmailMonitor - INFO - No new Bookeo emails found
2025-06-30 19:25:46 - EmailMonitor - INFO - Starting email monitoring cycle...
2025-06-30 19:25:46 - EmailMonitor - INFO - Attempting connection to IMAP server: imap.mail.yahoo.com:993
2025-06-30 19:25:47 - EmailMonitor - INFO - Successfully connected to mailbox via imap.mail.yahoo.com:993
2025-06-30 19:25:48 - EmailMonitor - INFO - No new Bookeo emails found
2025-06-30 19:27:46 - EmailMonitor - INFO - Starting email monitoring cycle...
2025-06-30 19:27:46 - EmailMonitor - INFO - Attempting connection to IMAP server: imap.mail.yahoo.com:993
2025-06-30 19:27:47 - EmailMonitor - INFO - Successfully connected to mailbox via imap.mail.yahoo.com:993
2025-06-30 19:27:48 - EmailMonitor - INFO - No new Bookeo emails found
2025-06-30 19:29:46 - EmailMonitor - INFO - Starting email monitoring cycle...
2025-06-30 19:29:46 - EmailMonitor - INFO - Attempting connection to IMAP server: imap.mail.yahoo.com:993
2025-06-30 19:29:47 - EmailMonitor - INFO - Successfully connected to mailbox via imap.mail.yahoo.com:993
2025-06-30 19:29:48 - EmailMonitor - INFO - No new Bookeo emails found
